<?xml version="1.0" encoding="UTF-8"?>
<moleculizer-input>
<model>
<modifications>
<modification name="none">
<weight-delta daltons="0.0"/>
</modification>
<modification name="phosphorylated">
<weight-delta daltons="42.0"/>
</modification>
<modification name="atp-bound">
<weight-delta daltons="100.0"/>
</modification>
<modification name="adp-bound">
<weight-delta daltons="130.0"/>
</modification>
<modification name="gtp-bound">
<weight-delta daltons="140.0"/>
</modification>
<modification name="gdp-bound">
<weight-delta daltons="99.0"/>
</modification>
</modifications>
<mols>
<mod-mol name="Ste2">
<weight daltons="100.0"/>
<binding-site name="to-Ste4">
<default-shape-ref name="default"/>
<site-shape name="default"/>
</binding-site>
</mod-mol>
<mod-mol name="Ste4">
<weight daltons="100.0"/>
<binding-site name="to-Ste2">
<default-shape-ref name="default"/>
<site-shape name="default"/>
</binding-site>
<binding-site name="to-Gpa1">
<default-shape-ref name="default"/>
<site-shape name="default"/>
<site-shape name="obstructed"/>
</binding-site>
<binding-site name="to-Ste5">
<default-shape-ref name="default"/>
<site-shape name="default"/>
<site-shape name="obstructed"/>
</binding-site>
</mod-mol>
<mod-mol name="Ste5">
<weight daltons="100.0"/>
<binding-site name="to-Ste4">
<default-shape-ref name="default"/>
<site-shape name="default"/>
</binding-site>
<binding-site name="to-Ste11">
<default-shape-ref name="default"/>
<site-shape name="default"/>
</binding-site>
<binding-site name="to-Ste7">
<default-shape-ref name="default"/>
<site-shape name="default"/>
</binding-site>
<binding-site name="to-Fus3">
<default-shape-ref name="default"/>
<site-shape name="default"/>
</binding-site>
</mod-mol>
<mod-mol name="Gpa1">
<weight daltons="100.0"/>
<binding-site name="to-Ste4">
<default-shape-ref name="default"/>
<site-shape name="default"/>
<site-shape name="GTP-bound-shape"/>
</binding-site>
<mod-site name="gtp-mod-site">
<default-mod-ref name="none"/>
</mod-site>
<allosteric-state>
<mod-map>
<mod-site-ref name="gtp-mod-site">
<mod-ref name="gtp-bound"/>
</mod-site-ref>
</mod-map>
<site-shape-map>
<binding-site-ref name="to-Ste4">
<site-shape-ref name="GTP-bound-shape"/>
</binding-site-ref>
</site-shape-map>
</allosteric-state>
</mod-mol>
<mod-mol name="alpha">
<weight daltons="100.0"/>
<binding-site name="to-Ste2">
<default-shape-ref name="default"/>
<site-shape name="default"/>
</binding-site>
</mod-mol>
</mols>
<allosteric-plexes/>
<allosteric-omnis>
<allosteric-omni>
<plex>
<mol-instance name="the-Ste4">
<mol-ref name="Ste4"/>
</mol-instance>
<mol-instance name="the-Ste5">
<mol-ref name="Ste5"/>
</mol-instance>
<binding>
<mol-instance-ref name="the-Ste4">
<binding-site-ref name="to-Ste5"/>
</mol-instance-ref>
<mol-instance-ref name="the-Ste5">
<binding-site-ref name="to-Ste4"/>
</mol-instance-ref>
</binding>
</plex>
<allosteric-sites>
<mol-instance-ref name="the-Ste4">
<binding-site-ref name="to-Gpa1">
<site-shape-ref name="obstructed"/>
</binding-site-ref>
</mol-instance-ref>
</allosteric-sites>
</allosteric-omni>
</allosteric-omnis>
<reaction-gens>
<dimerization-gen>
<mol-ref name="Gpa1">
<site-ref name="to-Ste4"/>
</mol-ref>
<mol-ref name="Ste4">
<site-ref name="to-Gpa1"/>
</mol-ref>
<default-on-rate value="1.0e12"/>
<default-off-rate value="1.0"/>
<allo-rates>
<site-shape-ref name="GTP-bound-shape"/>
<site-shape-ref name="default"/>
<on-rate value="1.0e1"/>
<off-rate value="1.0e5"/>
</allo-rates>
<allo-rates>
<site-shape-ref name="GTP-bound-shape"/>
<site-shape-ref name="obstructed"/>
<on-rate value="1.0"/>
<off-rate value="1.0e10"/>
</allo-rates>
<allo-rates>
<site-shape-ref name="default"/>
<site-shape-ref name="obstructed"/>
<on-rate value="1.0e1"/>
<off-rate value="1.0e5"/>
</allo-rates>
</dimerization-gen>
<dimerization-gen>
<mol-ref name="Ste4">
<site-ref name="to-Ste5"/>
</mol-ref>
<mol-ref name="Ste5">
<site-ref name="to-Ste4"/>
</mol-ref>
<default-on-rate value="1.0"/>
<default-off-rate value="1.0"/>
<allo-rates>
<site-shape-ref name="obstructed"/>
<site-shape-ref name="default"/>
<on-rate value="1.0e5"/>
<off-rate value="1.0"/>
</allo-rates>
</dimerization-gen>
<dimerization-gen>
<mol-ref name="Ste2">
<site-ref name="to-Ste4"/>
</mol-ref>
<mol-ref name="Ste4">
<site-ref name="to-Ste2"/>
</mol-ref>
<default-on-rate value="1.0e12"/>
<default-off-rate value="1.0"/>
</dimerization-gen>
</reaction-gens>
<explicit-species>
<stoch-species name="ATP">
<weight daltons="42.0"/>
</stoch-species>
<stoch-species name="ADP">
<weight daltons="40.0"/>
</stoch-species>
<stoch-species name="phosphate">
<weight daltons="5.0"/>
</stoch-species>
<plex-species name="gpa1-singleton">
<plex>
<mol-instance name="the-Gpa1">
<mol-ref name="Gpa1"/>
</mol-instance>
</plex>
<instance-states>
<mod-mol-instance-ref name="the-Gpa1">
<mod-map>
<mod-site-ref name="gtp-mod-site">
<mod-ref name="gdp-bound"/>
</mod-site-ref>
</mod-map>
</mod-mol-instance-ref>
</instance-states>
</plex-species>
<plex-species name="two-four">
<plex>
<mol-instance name="the-Ste2">
<mol-ref name="Ste2"/>
</mol-instance>
<mol-instance name="the-Ste4">
<mol-ref name="Ste4"/>
</mol-instance>
<binding>
<mol-instance-ref name="the-Ste2">
<binding-site-ref name="to-Ste4"/>
</mol-instance-ref>
<mol-instance-ref name="the-Ste4">
<binding-site-ref name="to-Ste2"/>
</mol-instance-ref>
</binding>
</plex>
<instance-states/>
</plex-species>
</explicit-species>
<explicit-reactions>
<reaction>
<substrate-species-ref multiplicity="1" name="ADP"/>
<substrate-species-ref multiplicity="1" name="phosphate"/>
<delta-species-ref multiplicity="-1" name="ADP"/>
<delta-species-ref multiplicity="-1" name="phosphate"/>
<delta-species-ref multiplicity="1" name="ATP"/>
<rate value="1.0e12"/>
</reaction>
</explicit-reactions>
<volume liters="1.0e-11"/>
</model>
<streams>
<species-streams>
<plex-species-stream name="brc">
<plex>
<mol-instance name="the-Ste2">
<mol-ref name="Ste2"/>
</mol-instance>
<mol-instance name="the-Ste4">
<mol-ref name="Ste4"/>
</mol-instance>
<mol-instance name="the-Gpa1">
<mol-ref name="Gpa1"/>
</mol-instance>
<binding>
<mol-instance-ref name="the-Ste2">
<binding-site-ref name="to-Ste4"/>
</mol-instance-ref>
<mol-instance-ref name="the-Ste4">
<binding-site-ref name="to-Ste2"/>
</mol-instance-ref>
</binding>
<binding>
<mol-instance-ref name="the-Gpa1">
<binding-site-ref name="to-Ste4"/>
</mol-instance-ref>
<mol-instance-ref name="the-Ste4">
<binding-site-ref name="to-Gpa1"/>
</mol-instance-ref>
</binding>
</plex>
<instance-states>
<mod-mol-instance-ref name="the-Gpa1">
<mod-map>
<mod-site-ref name="gtp-mod-site">
<mod-ref name="gdp-bound"/>
</mod-site-ref>
</mod-map>
</mod-mol-instance-ref>
</instance-states>
</plex-species-stream>
<omni-species-stream name="four-one">
<plex>
<mol-instance name="the-Ste4">
<mol-ref name="Ste4"/>
</mol-instance>
<mol-instance name="the-Gpa1">
<mol-ref name="Gpa1"/>
</mol-instance>
<binding>
<mol-instance-ref name="the-Ste4">
<binding-site-ref name="to-Gpa1"/>
</mol-instance-ref>
<mol-instance-ref name="the-Gpa1">
<binding-site-ref name="to-Ste4"/>
</mol-instance-ref>
</binding>
</plex>
<instance-states/>
</omni-species-stream>
</species-streams>
<dump-streams>
<dump-stream dump-period="0.01" name="mols">
<target-file file-name="mols.out"/>
<species-stream-ref name="brc"/>
<species-stream-ref name="four-one"/>
<species-ref name="two-four"/>
</dump-stream>
<dump-stream dump-period="0.01" name="phos">
<target-file file-name="phos.out"/>
<species-ref name="ATP"/>
</dump-stream>
<dump-stream dump-period="0.01" name="stats">
<target-file file-name="stats.out"/>
<stat-stream-ref name="species-count"/>
<stat-stream-ref name="reaction-count"/>
<stat-stream-ref name="reaction-event-count"/>
</dump-stream>
</dump-streams>
</streams>
<events>
<create-event time="0.0">
<species-ref name="ATP"/>
<population count="100000"/>
</create-event>
<create-event time="0.0">
<species-ref name="two-four"/>
<population count="10000"/>
</create-event>
<create-event time="0.0">
<species-ref name="gpa1-singleton"/>
<population count="10000"/>
</create-event>
<start-dump-event time="0.0">
<dump-stream-ref name="mols"/>
</start-dump-event>
<start-dump-event time="0.0">
<dump-stream-ref name="phos"/>
</start-dump-event>
<start-dump-event time="0.0">
<dump-stream-ref name="stats"/>
</start-dump-event>
<stop-event time="1.0"/>
</events>
</moleculizer-input>
